<?xml version="1.0" encoding="UTF-8"?>
<!-- Generated by org.testng.reporters.JUnitReportReporter -->
<testsuite hostname="kpuzey0424" failures="0" tests="2" name="com.qmetry.qaf.automation.step.client.DataDrivenScenario" time="0.000" errors="1" timestamp="2025-07-24T16:07:36 BST" skipped="1">
  <testcase classname="com.qmetry.qaf.automation.step.client.DataDrivenScenario" name="Search doctor name from CSV" time="0.000">
    <error message="com.qmetry.qaf.automation.testng.DataProviderException: Error while fetching data from classpath:data/doctorNames.csv" type="java.lang.RuntimeException">
      <![CDATA[java.lang.RuntimeException: com.qmetry.qaf.automation.testng.DataProviderException: Error while fetching data from classpath:data/doctorNames.csv
at org.testng.internal.invokers.MethodInvocationHelper.invokeMethodNoCheckedException(MethodInvocationHelper.java:57)
at org.testng.internal.invokers.MethodInvocationHelper.invokeDataProvider(MethodInvocationHelper.java:157)
at org.testng.internal.Parameters.handleParameters(Parameters.java:803)
at org.testng.internal.Parameters.handleParameters(Parameters.java:728)
at org.testng.internal.invokers.ParameterHandler.handleParameters(ParameterHandler.java:72)
at org.testng.internal.invokers.ParameterHandler.createParameters(ParameterHandler.java:51)
at org.testng.internal.invokers.TestInvoker$MethodInvocationAgent.invoke(TestInvoker.java:924)
at org.testng.internal.invokers.TestInvoker.invokeTestMethods(TestInvoker.java:194)
at org.testng.internal.invokers.TestMethodWorker.invokeTestMethods(TestMethodWorker.java:148)
at org.testng.internal.invokers.TestMethodWorker.run(TestMethodWorker.java:128)
at java.base/java.util.ArrayList.forEach(ArrayList.java:1511)
at org.testng.TestRunner.privateRun(TestRunner.java:833)
at org.testng.TestRunner.run(TestRunner.java:606)
at org.testng.SuiteRunner.runTest(SuiteRunner.java:437)
at org.testng.SuiteRunner$SuiteWorker.run(SuiteRunner.java:475)
at org.testng.internal.thread.ThreadUtil.lambda$execute$0(ThreadUtil.java:58)
at java.base/java.util.concurrent.FutureTask.run(FutureTask.java:264)
at java.base/java.util.concurrent.ThreadPoolExecutor.runWorker(ThreadPoolExecutor.java:1136)
at java.base/java.util.concurrent.ThreadPoolExecutor$Worker.run(ThreadPoolExecutor.java:635)
at java.base/java.lang.Thread.run(Thread.java:840)
Caused by: com.qmetry.qaf.automation.testng.DataProviderException: Error while fetching data from classpath:data/doctorNames.csv
at com.qmetry.qaf.automation.util.CSVUtil.getCSVDataAsMap(CSVUtil.java:183)
at com.qmetry.qaf.automation.testng.dataprovider.QAFInetrceptableDataProvider.getData(QAFInetrceptableDataProvider.java:519)
at com.qmetry.qaf.automation.testng.dataprovider.QAFInetrceptableDataProvider.getTestDataForBDDScenarios(QAFInetrceptableDataProvider.java:117)
at com.qmetry.qaf.automation.testng.dataprovider.QAFInetrceptableDataProvider.interceptedDataProvider(QAFInetrceptableDataProvider.java:229)
at java.base/jdk.internal.reflect.NativeMethodAccessorImpl.invoke0(Native Method)
at java.base/jdk.internal.reflect.NativeMethodAccessorImpl.invoke(NativeMethodAccessorImpl.java:77)
at java.base/jdk.internal.reflect.DelegatingMethodAccessorImpl.invoke(DelegatingMethodAccessorImpl.java:43)
at java.base/java.lang.reflect.Method.invoke(Method.java:569)
at org.testng.internal.invokers.MethodInvocationHelper.invokeMethod(MethodInvocationHelper.java:139)
at org.testng.internal.invokers.MethodInvocationHelper.invokeMethod(MethodInvocationHelper.java:84)
at org.testng.internal.invokers.MethodInvocationHelper.invokeMethodNoCheckedException(MethodInvocationHelper.java:53)
... 19 more
Caused by: java.io.FileNotFoundException: classpath:data/doctorNames.csv (No such file or directory)
at java.base/java.io.FileInputStream.open0(Native Method)
at java.base/java.io.FileInputStream.open(FileInputStream.java:216)
at java.base/java.io.FileInputStream.<init>(FileInputStream.java:157)
at java.base/java.io.FileReader.<init>(FileReader.java:75)
at com.qmetry.qaf.automation.util.CSVUtil.getCSVDataAsMap(CSVUtil.java:149)
... 29 more
]]>
    </error>
  </testcase> <!-- Search doctor name from CSV -->
  <system-out/>
  <testcase classname="com.qmetry.qaf.automation.step.client.DataDrivenScenario" name="scenario">
    <skipped/>
  </testcase> <!-- scenario -->
  <system-out/>
</testsuite> <!-- com.qmetry.qaf.automation.step.client.DataDrivenScenario -->
